This file contains any messages produced by compilers while
running configure, to aid debugging if configure makes a mistake.

It was created by rnnoise configure unknown, which was
generated by GNU Autoconf 2.69.  Invocation command line was

  $ ./configure 

## --------- ##
## Platform. ##
## --------- ##

hostname = lb-Z490-VISION-D
uname -m = x86_64
uname -r = 5.13.0-44-generic
uname -s = Linux
uname -v = #49~20.04.1-Ubuntu SMP Wed May 18 18:44:28 UTC 2022

/usr/bin/uname -p = x86_64
/bin/uname -X     = unknown

/bin/arch              = x86_64
/usr/bin/arch -k       = unknown
/usr/convex/getsysinfo = unknown
/usr/bin/hostinfo      = unknown
/bin/machine           = unknown
/usr/bin/oslevel       = unknown
/bin/universe          = unknown

PATH: /home/lb/rnnoise_test/emsdk/upstream/emscripten/cache/sysroot/bin
PATH: /home/lb/rnnoise_test/emsdk
PATH: /home/lb/rnnoise_test/emsdk/upstream/emscripten
PATH: /home/lb/rnnoise_test/emsdk/node/14.18.2_64bit/bin
PATH: /home/lb/rnnoise/rnnoise-wasm/rnnoise/emsdk
PATH: /home/lb/rnnoise/rnnoise-wasm/rnnoise/emsdk/upstream/emscripten
PATH: /home/lb/rnnoise/rnnoise-wasm/rnnoise/emsdk/node/14.18.2_64bit/bin
PATH: /usr/local/sbin
PATH: /usr/local/bin
PATH: /usr/sbin
PATH: /usr/bin
PATH: /sbin
PATH: /bin
PATH: /usr/games
PATH: /usr/local/games
PATH: /snap/bin


## ----------- ##
## Core tests. ##
## ----------- ##

configure:2332: checking for gcc
configure:2359: result: /home/lb/rnnoise_test/emsdk/upstream/emscripten/emcc
configure:2588: checking for C compiler version
configure:2597: /home/lb/rnnoise_test/emsdk/upstream/emscripten/emcc --version >&5
emcc (Emscripten gcc/clang-like replacement + linker emulating GNU ld) 3.1.12 (38d1292ba2f5b4a7c8518931f5ae6f97ef0f6827)
Copyright (C) 2014 the Emscripten authors (see AUTHORS.txt)
This is free and open source software under the MIT license.
There is NO warranty; not even for MERCHANTABILITY or FITNESS FOR A PARTICULAR PURPOSE.

configure:2608: $? = 0
configure:2597: /home/lb/rnnoise_test/emsdk/upstream/emscripten/emcc -v >&5
emcc (Emscripten gcc/clang-like replacement + linker emulating GNU ld) 3.1.12 (38d1292ba2f5b4a7c8518931f5ae6f97ef0f6827)
clang version 15.0.0 (https://github.com/llvm/llvm-project d58cc0839ee5935e649dbbc18c898a8e4bcd6724)
Target: wasm32-unknown-emscripten
Thread model: posix
InstalledDir: /home/lb/rnnoise_test/emsdk/upstream/bin
configure:2608: $? = 0
configure:2597: /home/lb/rnnoise_test/emsdk/upstream/emscripten/emcc -V >&5
emcc: error: no input files
configure:2608: $? = 1
configure:2597: /home/lb/rnnoise_test/emsdk/upstream/emscripten/emcc -qversion >&5
emcc: error: no input files
configure:2608: $? = 1
configure:2628: checking whether the C compiler works
configure:2650: /home/lb/rnnoise_test/emsdk/upstream/emscripten/emcc    conftest.c  >&5
configure:2654: $? = 0
configure:2702: result: yes
configure:2705: checking for C compiler default output file name
configure:2707: result: a.out
configure:2713: checking for suffix of executables
configure:2720: /home/lb/rnnoise_test/emsdk/upstream/emscripten/emcc -o conftest    conftest.c  >&5
configure:2724: $? = 0
configure:2746: result: 
configure:2768: checking whether we are cross compiling
configure:2776: /home/lb/rnnoise_test/emsdk/upstream/emscripten/emcc -o conftest    conftest.c  >&5
configure:2780: $? = 0
configure:2787: ./conftest
configure:2791: $? = 0
configure:2779: result: no
configure:2784: checking for suffix of object files
configure:2806: /home/lb/rnnoise_test/emsdk/upstream/emscripten/emcc -c   conftest.c >&5
configure:2810: $? = 0
configure:2831: result: o
configure:2835: checking whether we are using the GNU C compiler
configure:2854: /home/lb/rnnoise_test/emsdk/upstream/emscripten/emcc -c   conftest.c >&5
configure:2854: $? = 0
configure:2863: result: yes
configure:2872: checking whether /home/lb/rnnoise_test/emsdk/upstream/emscripten/emcc accepts -g
configure:2892: /home/lb/rnnoise_test/emsdk/upstream/emscripten/emcc -c -g  conftest.c >&5
configure:2892: $? = 0
configure:2933: result: yes
configure:2950: checking for /home/lb/rnnoise_test/emsdk/upstream/emscripten/emcc option to accept ISO C89
configure:3013: /home/lb/rnnoise_test/emsdk/upstream/emscripten/emcc  -c -g -O2  conftest.c >&5
conftest.c:15:14: warning: a function definition without a prototype is deprecated in all versions of C and is not supported in C2x [-Wdeprecated-non-prototype]
static char *e (p, i)
             ^
1 warning generated.
configure:3013: $? = 0
configure:3026: result: none needed
configure:3051: checking whether /home/lb/rnnoise_test/emsdk/upstream/emscripten/emcc understands -c and -o together
configure:3073: /home/lb/rnnoise_test/emsdk/upstream/emscripten/emcc -c conftest.c -o conftest2.o
configure:3076: $? = 0
configure:3073: /home/lb/rnnoise_test/emsdk/upstream/emscripten/emcc -c conftest.c -o conftest2.o
configure:3076: $? = 0
configure:3088: result: yes
configure:3111: checking how to run the C preprocessor
configure:3142: /home/lb/rnnoise_test/emsdk/upstream/emscripten/emcc -E  conftest.c
configure:3142: $? = 0
configure:3156: /home/lb/rnnoise_test/emsdk/upstream/emscripten/emcc -E  conftest.c
conftest.c:9:10: fatal error: 'ac_nonexistent.h' file not found
#include <ac_nonexistent.h>
         ^~~~~~~~~~~~~~~~~~
1 error generated.
emcc: error: '/home/lb/rnnoise_test/emsdk/upstream/bin/clang -target wasm32-unknown-emscripten -DEMSCRIPTEN -D__EMSCRIPTEN_major__=3 -D__EMSCRIPTEN_minor__=1 -D__EMSCRIPTEN_tiny__=12 -fignore-exceptions -fvisibility=default -mllvm -combiner-global-alias-analysis=false -mllvm -enable-emscripten-sjlj -mllvm -disable-lsr -Werror=implicit-function-declaration -Xclang -iwithsysroot/include/SDL --sysroot=/home/lb/rnnoise_test/emsdk/upstream/emscripten/cache/sysroot -Xclang -iwithsysroot/include/compat -E conftest.c' failed (returned 1)
configure:3156: $? = 1
configure: failed program was:
| /* confdefs.h */
| #define PACKAGE_NAME "rnnoise"
| #define PACKAGE_TARNAME "rnnoise"
| #define PACKAGE_VERSION "unknown"
| #define PACKAGE_STRING "rnnoise unknown"
| #define PACKAGE_BUGREPORT "jmvalin@jmvalin.ca"
| #define PACKAGE_URL ""
| /* end confdefs.h.  */
| #include <ac_nonexistent.h>
configure:3181: result: /home/lb/rnnoise_test/emsdk/upstream/emscripten/emcc -E
configure:3201: /home/lb/rnnoise_test/emsdk/upstream/emscripten/emcc -E  conftest.c
configure:3201: $? = 0
configure:3215: /home/lb/rnnoise_test/emsdk/upstream/emscripten/emcc -E  conftest.c
conftest.c:9:10: fatal error: 'ac_nonexistent.h' file not found
#include <ac_nonexistent.h>
         ^~~~~~~~~~~~~~~~~~
1 error generated.
emcc: error: '/home/lb/rnnoise_test/emsdk/upstream/bin/clang -target wasm32-unknown-emscripten -DEMSCRIPTEN -D__EMSCRIPTEN_major__=3 -D__EMSCRIPTEN_minor__=1 -D__EMSCRIPTEN_tiny__=12 -fignore-exceptions -fvisibility=default -mllvm -combiner-global-alias-analysis=false -mllvm -enable-emscripten-sjlj -mllvm -disable-lsr -Werror=implicit-function-declaration -Xclang -iwithsysroot/include/SDL --sysroot=/home/lb/rnnoise_test/emsdk/upstream/emscripten/cache/sysroot -Xclang -iwithsysroot/include/compat -E conftest.c' failed (returned 1)
configure:3215: $? = 1
configure: failed program was:
| /* confdefs.h */
| #define PACKAGE_NAME "rnnoise"
| #define PACKAGE_TARNAME "rnnoise"
| #define PACKAGE_VERSION "unknown"
| #define PACKAGE_STRING "rnnoise unknown"
| #define PACKAGE_BUGREPORT "jmvalin@jmvalin.ca"
| #define PACKAGE_URL ""
| /* end confdefs.h.  */
| #include <ac_nonexistent.h>
configure:3244: checking for grep that handles long lines and -e
configure:3302: result: /usr/bin/grep
configure:3307: checking for egrep
configure:3369: result: /usr/bin/grep -E
configure:3374: checking for ANSI C header files
configure:3394: /home/lb/rnnoise_test/emsdk/upstream/emscripten/emcc -c -g -O2  conftest.c >&5
configure:3394: $? = 0
configure:3467: /home/lb/rnnoise_test/emsdk/upstream/emscripten/emcc -o conftest -g -O2   conftest.c  >&5
emcc: warning: running limited binaryen optimizations because DWARF info requested (or indirectly required) [-Wlimited-postlink-optimizations]
configure:3467: $? = 0
configure:3467: ./conftest
configure:3467: $? = 0
configure:3478: result: yes
configure:3491: checking for sys/types.h
configure:3491: /home/lb/rnnoise_test/emsdk/upstream/emscripten/emcc -c -g -O2  conftest.c >&5
configure:3491: $? = 0
configure:3491: result: yes
configure:3491: checking for sys/stat.h
configure:3491: /home/lb/rnnoise_test/emsdk/upstream/emscripten/emcc -c -g -O2  conftest.c >&5
configure:3491: $? = 0
configure:3491: result: yes
configure:3491: checking for stdlib.h
configure:3491: /home/lb/rnnoise_test/emsdk/upstream/emscripten/emcc -c -g -O2  conftest.c >&5
configure:3491: $? = 0
configure:3491: result: yes
configure:3491: checking for string.h
configure:3491: /home/lb/rnnoise_test/emsdk/upstream/emscripten/emcc -c -g -O2  conftest.c >&5
configure:3491: $? = 0
configure:3491: result: yes
configure:3491: checking for memory.h
configure:3491: /home/lb/rnnoise_test/emsdk/upstream/emscripten/emcc -c -g -O2  conftest.c >&5
configure:3491: $? = 0
configure:3491: result: yes
configure:3491: checking for strings.h
configure:3491: /home/lb/rnnoise_test/emsdk/upstream/emscripten/emcc -c -g -O2  conftest.c >&5
configure:3491: $? = 0
configure:3491: result: yes
configure:3491: checking for inttypes.h
configure:3491: /home/lb/rnnoise_test/emsdk/upstream/emscripten/emcc -c -g -O2  conftest.c >&5
configure:3491: $? = 0
configure:3491: result: yes
configure:3491: checking for stdint.h
configure:3491: /home/lb/rnnoise_test/emsdk/upstream/emscripten/emcc -c -g -O2  conftest.c >&5
configure:3491: $? = 0
configure:3491: result: yes
configure:3491: checking for unistd.h
configure:3491: /home/lb/rnnoise_test/emsdk/upstream/emscripten/emcc -c -g -O2  conftest.c >&5
configure:3491: $? = 0
configure:3491: result: yes
configure:3504: checking minix/config.h usability
configure:3504: /home/lb/rnnoise_test/emsdk/upstream/emscripten/emcc -c -g -O2  conftest.c >&5
conftest.c:52:10: fatal error: 'minix/config.h' file not found
#include <minix/config.h>
         ^~~~~~~~~~~~~~~~
1 error generated.
emcc: error: '/home/lb/rnnoise_test/emsdk/upstream/bin/clang -target wasm32-unknown-emscripten -DEMSCRIPTEN -D__EMSCRIPTEN_major__=3 -D__EMSCRIPTEN_minor__=1 -D__EMSCRIPTEN_tiny__=12 -fignore-exceptions -fvisibility=default -mllvm -combiner-global-alias-analysis=false -mllvm -enable-emscripten-sjlj -mllvm -disable-lsr -Werror=implicit-function-declaration -Xclang -iwithsysroot/include/SDL --sysroot=/home/lb/rnnoise_test/emsdk/upstream/emscripten/cache/sysroot -Xclang -iwithsysroot/include/compat -c -g3 -O2 conftest.c -o conftest.o' failed (returned 1)
configure:3504: $? = 1
configure: failed program was:
| /* confdefs.h */
| #define PACKAGE_NAME "rnnoise"
| #define PACKAGE_TARNAME "rnnoise"
| #define PACKAGE_VERSION "unknown"
| #define PACKAGE_STRING "rnnoise unknown"
| #define PACKAGE_BUGREPORT "jmvalin@jmvalin.ca"
| #define PACKAGE_URL ""
| #define STDC_HEADERS 1
| #define HAVE_SYS_TYPES_H 1
| #define HAVE_SYS_STAT_H 1
| #define HAVE_STDLIB_H 1
| #define HAVE_STRING_H 1
| #define HAVE_MEMORY_H 1
| #define HAVE_STRINGS_H 1
| #define HAVE_INTTYPES_H 1
| #define HAVE_STDINT_H 1
| #define HAVE_UNISTD_H 1
| /* end confdefs.h.  */
| #include <stdio.h>
| #ifdef HAVE_SYS_TYPES_H
| # include <sys/types.h>
| #endif
| #ifdef HAVE_SYS_STAT_H
| # include <sys/stat.h>
| #endif
| #ifdef STDC_HEADERS
| # include <stdlib.h>
| # include <stddef.h>
| #else
| # ifdef HAVE_STDLIB_H
| #  include <stdlib.h>
| # endif
| #endif
| #ifdef HAVE_STRING_H
| # if !defined STDC_HEADERS && defined HAVE_MEMORY_H
| #  include <memory.h>
| # endif
| # include <string.h>
| #endif
| #ifdef HAVE_STRINGS_H
| # include <strings.h>
| #endif
| #ifdef HAVE_INTTYPES_H
| # include <inttypes.h>
| #endif
| #ifdef HAVE_STDINT_H
| # include <stdint.h>
| #endif
| #ifdef HAVE_UNISTD_H
| # include <unistd.h>
| #endif
| #include <minix/config.h>
configure:3504: result: no
configure:3504: checking minix/config.h presence
configure:3504: /home/lb/rnnoise_test/emsdk/upstream/emscripten/emcc -E  conftest.c
conftest.c:19:10: fatal error: 'minix/config.h' file not found
#include <minix/config.h>
         ^~~~~~~~~~~~~~~~
1 error generated.
emcc: error: '/home/lb/rnnoise_test/emsdk/upstream/bin/clang -target wasm32-unknown-emscripten -DEMSCRIPTEN -D__EMSCRIPTEN_major__=3 -D__EMSCRIPTEN_minor__=1 -D__EMSCRIPTEN_tiny__=12 -fignore-exceptions -fvisibility=default -mllvm -combiner-global-alias-analysis=false -mllvm -enable-emscripten-sjlj -mllvm -disable-lsr -Werror=implicit-function-declaration -Xclang -iwithsysroot/include/SDL --sysroot=/home/lb/rnnoise_test/emsdk/upstream/emscripten/cache/sysroot -Xclang -iwithsysroot/include/compat -E conftest.c' failed (returned 1)
configure:3504: $? = 1
configure: failed program was:
| /* confdefs.h */
| #define PACKAGE_NAME "rnnoise"
| #define PACKAGE_TARNAME "rnnoise"
| #define PACKAGE_VERSION "unknown"
| #define PACKAGE_STRING "rnnoise unknown"
| #define PACKAGE_BUGREPORT "jmvalin@jmvalin.ca"
| #define PACKAGE_URL ""
| #define STDC_HEADERS 1
| #define HAVE_SYS_TYPES_H 1
| #define HAVE_SYS_STAT_H 1
| #define HAVE_STDLIB_H 1
| #define HAVE_STRING_H 1
| #define HAVE_MEMORY_H 1
| #define HAVE_STRINGS_H 1
| #define HAVE_INTTYPES_H 1
| #define HAVE_STDINT_H 1
| #define HAVE_UNISTD_H 1
| /* end confdefs.h.  */
| #include <minix/config.h>
configure:3504: result: no
configure:3504: checking for minix/config.h
configure:3504: result: no
configure:3525: checking whether it is safe to define __EXTENSIONS__
configure:3543: /home/lb/rnnoise_test/emsdk/upstream/emscripten/emcc -c -g -O2  conftest.c >&5
configure:3543: $? = 0
configure:3550: result: yes
configure:3571: checking for special C compiler options needed for large files
configure:3616: result: no
configure:3622: checking for _FILE_OFFSET_BITS value needed for large files
configure:3647: /home/lb/rnnoise_test/emsdk/upstream/emscripten/emcc -c -g -O2  conftest.c >&5
configure:3647: $? = 0
configure:3679: result: no
configure:3781: checking for a BSD-compatible install
configure:3849: result: /usr/bin/install -c
configure:3860: checking whether build environment is sane
configure:3915: result: yes
configure:4061: checking for a thread-safe mkdir -p
configure:4100: result: /usr/bin/mkdir -p
configure:4107: checking for gawk
configure:4137: result: no
configure:4107: checking for mawk
configure:4123: found /usr/bin/mawk
configure:4134: result: mawk
configure:4145: checking whether make sets $(MAKE)
configure:4167: result: yes
configure:4189: checking whether make supports the include directive
configure:4204: make -f confmf.GNU && cat confinc.out
this is the am__doit target
configure:4207: $? = 0
configure:4226: result: yes (GNU style)
configure:4259: checking whether make supports nested variables
configure:4276: result: yes
configure:4352: checking dependency style of /home/lb/rnnoise_test/emsdk/upstream/emscripten/emcc
configure:4463: result: gcc3
configure:4522: checking whether to enable maintainer-specific portions of Makefiles
configure:4531: result: yes
configure:4545: checking for inline
configure:4561: /home/lb/rnnoise_test/emsdk/upstream/emscripten/emcc -c -g -O2  conftest.c >&5
configure:4561: $? = 0
configure:4569: result: inline
configure:4617: checking build system type
configure:4631: result: x86_64-pc-linux-gnu
configure:4651: checking host system type
configure:4664: result: x86_64-pc-linux-gnu
configure:4705: checking how to print strings
configure:4732: result: printf
configure:4753: checking for a sed that does not truncate output
configure:4817: result: /usr/bin/sed
configure:4835: checking for fgrep
configure:4897: result: /usr/bin/grep -F
configure:4932: checking for ld used by /home/lb/rnnoise_test/emsdk/upstream/emscripten/emcc
emcc: error: no input files
configure:4999: result: /home/lb/rnnoise_test/emsdk/upstream/emscripten/emcc
configure:5006: checking if the linker (/home/lb/rnnoise_test/emsdk/upstream/emscripten/emcc) is GNU ld
configure:5021: result: yes
configure:5033: checking for BSD- or MS-compatible name lister (nm)
configure:5087: result: /home/lb/rnnoise_test/emsdk/upstream/bin/llvm-nm
configure:5217: checking the name lister (/home/lb/rnnoise_test/emsdk/upstream/bin/llvm-nm) interface
configure:5224: /home/lb/rnnoise_test/emsdk/upstream/emscripten/emcc -c -g -O2  conftest.c >&5
configure:5227: /home/lb/rnnoise_test/emsdk/upstream/bin/llvm-nm "conftest.o"
configure:5230: output
00000000 d .debug_abbrev
00000000 d .debug_line
00000000 d .debug_str
00000000 D some_variable
configure:5231: result: BSD nm
configure:5234: checking whether ln -s works
configure:5238: result: yes
configure:5246: checking the maximum length of command line arguments
configure:5377: result: 1572864
configure:5425: checking how to convert x86_64-pc-linux-gnu file names to x86_64-pc-linux-gnu format
configure:5465: result: func_convert_file_noop
configure:5472: checking how to convert x86_64-pc-linux-gnu file names to toolchain format
configure:5492: result: func_convert_file_noop
configure:5499: checking for /home/lb/rnnoise_test/emsdk/upstream/emscripten/emcc option to reload object files
configure:5506: result: -r
configure:5580: checking for objdump
configure:5596: found /usr/bin/objdump
configure:5607: result: objdump
configure:5639: checking how to recognize dependent libraries
configure:5839: result: pass_all
configure:5924: checking for dlltool
configure:5954: result: no
configure:5984: checking how to associate runtime and link libraries
configure:6011: result: printf %s\n
configure:6135: checking for archiver @FILE support
configure:6152: /home/lb/rnnoise_test/emsdk/upstream/emscripten/emcc -c -g -O2  conftest.c >&5
configure:6152: $? = 0
configure:6155: /home/lb/rnnoise_test/emsdk/upstream/emscripten/emar cr libconftest.a @conftest.lst >&5
configure:6158: $? = 0
configure:6163: /home/lb/rnnoise_test/emsdk/upstream/emscripten/emar cr libconftest.a @conftest.lst >&5
/home/lb/rnnoise_test/emsdk/upstream/bin/llvm-ar: error: conftest.o: No such file or directory
configure:6166: $? = 1
configure:6165: result: @
configure:6223: checking for strip
configure:6239: found /usr/bin/strip
configure:6250: result: strip
configure:6322: checking for ranlib
configure:6349: result: /home/lb/rnnoise_test/emsdk/upstream/emscripten/emranlib
configure:6451: checking command to parse /home/lb/rnnoise_test/emsdk/upstream/bin/llvm-nm output from /home/lb/rnnoise_test/emsdk/upstream/emscripten/emcc object
configure:6604: /home/lb/rnnoise_test/emsdk/upstream/emscripten/emcc -c -g -O2  conftest.c >&5
configure:6607: $? = 0
configure:6611: /home/lb/rnnoise_test/emsdk/upstream/bin/llvm-nm conftest.o | sed -n -e 's/^.*[	 ]\([ABCDGIRSTW][ABCDGIRSTW]*\)[	 ][	 ]*\([_A-Za-z][_A-Za-z0-9]*\)$/\1 \2 \2/p' | sed '/ __gnu_lto/d' > conftest.nm
configure:6677: /home/lb/rnnoise_test/emsdk/upstream/emscripten/emcc -o conftest -g -O2   conftest.c conftstm.o >&5
emcc: warning: running limited binaryen optimizations because DWARF info requested (or indirectly required) [-Wlimited-postlink-optimizations]
configure:6680: $? = 0
configure:6718: result: ok
configure:6765: checking for sysroot
configure:6795: result: no
configure:6802: checking for a working dd
configure:6840: result: /usr/bin/dd
configure:6844: checking how to truncate binary pipes
configure:6859: result: /usr/bin/dd bs=4096 count=1
configure:6995: /home/lb/rnnoise_test/emsdk/upstream/emscripten/emcc -c -g -O2  conftest.c >&5
configure:6998: $? = 0
configure:7188: checking for mt
configure:7204: found /usr/bin/mt
configure:7215: result: mt
configure:7238: checking if mt is a manifest tool
configure:7244: mt '-?'
configure:7252: result: no
configure:7926: checking for dlfcn.h
configure:7926: /home/lb/rnnoise_test/emsdk/upstream/emscripten/emcc -c -g -O2  conftest.c >&5
configure:7926: $? = 0
configure:7926: result: yes
configure:8182: checking for objdir
configure:8197: result: .libs
configure:8461: checking if /home/lb/rnnoise_test/emsdk/upstream/emscripten/emcc supports -fno-rtti -fno-exceptions
configure:8479: /home/lb/rnnoise_test/emsdk/upstream/emscripten/emcc -c -g -O2  -fno-rtti -fno-exceptions conftest.c >&5
configure:8483: $? = 0
configure:8496: result: yes
configure:8860: checking for /home/lb/rnnoise_test/emsdk/upstream/emscripten/emcc option to produce PIC
configure:8867: result: -fPIC -DPIC
configure:8875: checking if /home/lb/rnnoise_test/emsdk/upstream/emscripten/emcc PIC flag -fPIC -DPIC works
configure:8893: /home/lb/rnnoise_test/emsdk/upstream/emscripten/emcc -c -g -O2  -fPIC -DPIC -DPIC conftest.c >&5
configure:8897: $? = 0
configure:8910: result: yes
configure:8939: checking if /home/lb/rnnoise_test/emsdk/upstream/emscripten/emcc static flag -static works
emcc: warning: running limited binaryen optimizations because DWARF info requested (or indirectly required) [-Wlimited-postlink-optimizations]
configure:8967: result: yes
configure:8982: checking if /home/lb/rnnoise_test/emsdk/upstream/emscripten/emcc supports -c -o file.o
configure:9003: /home/lb/rnnoise_test/emsdk/upstream/emscripten/emcc -c -g -O2  -o out/conftest2.o conftest.c >&5
configure:9007: $? = 0
configure:9029: result: yes
configure:9037: checking if /home/lb/rnnoise_test/emsdk/upstream/emscripten/emcc supports -c -o file.o
configure:9084: result: yes
configure:9117: checking whether the /home/lb/rnnoise_test/emsdk/upstream/emscripten/emcc linker (/home/lb/rnnoise_test/emsdk/upstream/emscripten/emcc) supports shared libraries
configure:10380: result: yes
configure:10417: checking whether -lc should be explicitly linked in
configure:10425: /home/lb/rnnoise_test/emsdk/upstream/emscripten/emcc -c -g -O2  conftest.c >&5
configure:10428: $? = 0
configure:10443: /home/lb/rnnoise_test/emsdk/upstream/emscripten/emcc -shared  -fPIC -DPIC conftest.o  -v -Wl,-soname -Wl,conftest -o conftest 2\>\&1 \| /usr/bin/grep  -lc  \>/dev/null 2\>\&1
configure:10446: $? = 1
configure:10460: result: yes
configure:10620: checking dynamic linker characteristics
configure:11201: /home/lb/rnnoise_test/emsdk/upstream/emscripten/emcc -o conftest -g -O2   -Wl,-rpath -Wl,/foo conftest.c  >&5
emcc: warning: ignoring unsupported linker flag: `-rpath` [-Wlinkflags]
emcc: warning: running limited binaryen optimizations because DWARF info requested (or indirectly required) [-Wlimited-postlink-optimizations]
configure:11201: $? = 0
configure:11450: result: GNU/Linux ld.so
configure:11572: checking how to hardcode library paths into programs
configure:11597: result: immediate
configure:12145: checking whether stripping libraries is possible
configure:12150: result: yes
configure:12185: checking if libtool supports shared libraries
configure:12187: result: yes
configure:12190: checking whether to build shared libraries
configure:12215: result: yes
configure:12218: checking whether to build static libraries
configure:12222: result: yes
configure:9047: checking whether make supports nested variables
configure:9064: result: yes
configure:9092: checking if /home/lb/rnnoise_test/emsdk/upstream/emscripten/emcc supports -pedantic flag
configure:9107: /home/lb/rnnoise_test/emsdk/upstream/emscripten/emcc -o conftest -g -O2 -pedantic   conftest.c  >&5
conftest.c:27:9: warning: a function declaration without a prototype is deprecated in all versions of C [-Wstrict-prototypes]
int main() { return 0; }
        ^
         void
1 warning generated.
emcc: warning: running limited binaryen optimizations because DWARF info requested (or indirectly required) [-Wlimited-postlink-optimizations]
configure:9107: $? = 0
configure:9125: result: yes
configure:9092: checking if /home/lb/rnnoise_test/emsdk/upstream/emscripten/emcc supports -Wall flag
configure:9107: /home/lb/rnnoise_test/emsdk/upstream/emscripten/emcc -o conftest -g -O2 -pedantic -Wall   conftest.c  >&5
conftest.c:27:9: warning: a function declaration without a prototype is deprecated in all versions of C [-Wstrict-prototypes]
int main() { return 0; }
        ^
         void
1 warning generated.
emcc: warning: running limited binaryen optimizations because DWARF info requested (or indirectly required) [-Wlimited-postlink-optimizations]
configure:9107: $? = 0
configure:9125: result: yes
configure:9092: checking if /home/lb/rnnoise_test/emsdk/upstream/emscripten/emcc supports -Wextra flag
configure:9107: /home/lb/rnnoise_test/emsdk/upstream/emscripten/emcc -o conftest -g -O2 -pedantic -Wall -Wextra   conftest.c  >&5
conftest.c:27:9: warning: a function declaration without a prototype is deprecated in all versions of C [-Wstrict-prototypes]
int main() { return 0; }
        ^
         void
1 warning generated.
emcc: warning: running limited binaryen optimizations because DWARF info requested (or indirectly required) [-Wlimited-postlink-optimizations]
configure:9107: $? = 0
configure:9125: result: yes
configure:9092: checking if /home/lb/rnnoise_test/emsdk/upstream/emscripten/emcc supports -Wno-sign-compare flag
configure:9107: /home/lb/rnnoise_test/emsdk/upstream/emscripten/emcc -o conftest -g -O2 -pedantic -Wall -Wextra -Wno-sign-compare   conftest.c  >&5
conftest.c:27:9: warning: a function declaration without a prototype is deprecated in all versions of C [-Wstrict-prototypes]
int main() { return 0; }
        ^
         void
1 warning generated.
emcc: warning: running limited binaryen optimizations because DWARF info requested (or indirectly required) [-Wlimited-postlink-optimizations]
configure:9107: $? = 0
configure:9125: result: yes
configure:9092: checking if /home/lb/rnnoise_test/emsdk/upstream/emscripten/emcc supports -Wno-parentheses flag
configure:9107: /home/lb/rnnoise_test/emsdk/upstream/emscripten/emcc -o conftest -g -O2 -pedantic -Wall -Wextra -Wno-sign-compare -Wno-parentheses   conftest.c  >&5
conftest.c:27:9: warning: a function declaration without a prototype is deprecated in all versions of C [-Wstrict-prototypes]
int main() { return 0; }
        ^
         void
1 warning generated.
emcc: warning: running limited binaryen optimizations because DWARF info requested (or indirectly required) [-Wlimited-postlink-optimizations]
configure:9107: $? = 0
configure:9125: result: yes
configure:9092: checking if /home/lb/rnnoise_test/emsdk/upstream/emscripten/emcc supports -Wno-long-long flag
configure:9107: /home/lb/rnnoise_test/emsdk/upstream/emscripten/emcc -o conftest -g -O2 -pedantic -Wall -Wextra -Wno-sign-compare -Wno-parentheses -Wno-long-long   conftest.c  >&5
conftest.c:27:9: warning: a function declaration without a prototype is deprecated in all versions of C [-Wstrict-prototypes]
int main() { return 0; }
        ^
         void
1 warning generated.
emcc: warning: running limited binaryen optimizations because DWARF info requested (or indirectly required) [-Wlimited-postlink-optimizations]
configure:9107: $? = 0
configure:9125: result: yes
configure:9334: checking for cos in -lm
configure:9359: /home/lb/rnnoise_test/emsdk/upstream/emscripten/emcc -o conftest -g -O2 -pedantic -Wall -Wextra -Wno-sign-compare -Wno-parentheses -Wno-long-long   conftest.c -lm   >&5
conftest.c:34:10: warning: a function declaration without a prototype is deprecated in all versions of C [-Wstrict-prototypes]
char cos ();
         ^
          void
conftest.c:34:6: warning: incompatible redeclaration of library function 'cos' [-Wincompatible-library-redeclaration]
char cos ();
     ^
conftest.c:34:6: note: 'cos' is a builtin with type 'double (double)'
conftest.c:36:6: warning: a function declaration without a prototype is deprecated in all versions of C [-Wstrict-prototypes]
main ()
     ^
      void
3 warnings generated.
wasm-ld: warning: function signature mismatch: cos
>>> defined as () -> i32 in /tmp/emscripten_temp_ji_nmxml/conftest_0.o
>>> defined as (f64) -> f64 in /home/lb/rnnoise_test/emsdk/upstream/emscripten/cache/sysroot/lib/wasm32-emscripten/libc.a(cos.o)
emcc: warning: running limited binaryen optimizations because DWARF info requested (or indirectly required) [-Wlimited-postlink-optimizations]
configure:9359: $? = 0
configure:9368: result: yes
configure:9382: checking for /home/lb/rnnoise_test/emsdk/upstream/emscripten/emcc way to treat warnings as errors
configure:9397: /home/lb/rnnoise_test/emsdk/upstream/emscripten/emcc -o conftest -g -O2 -pedantic -Wall -Wextra -Wno-sign-compare -Wno-parentheses -Wno-long-long -Werror   conftest.c  >&5
conftest.c:27:9: error: a function declaration without a prototype is deprecated in all versions of C [-Werror,-Wstrict-prototypes]
int main() { return 0; }
        ^
         void
1 error generated.
emcc: error: '/home/lb/rnnoise_test/emsdk/upstream/bin/clang -target wasm32-unknown-emscripten -DEMSCRIPTEN -D__EMSCRIPTEN_major__=3 -D__EMSCRIPTEN_minor__=1 -D__EMSCRIPTEN_tiny__=12 -fignore-exceptions -fvisibility=default -mllvm -combiner-global-alias-analysis=false -mllvm -enable-emscripten-sjlj -mllvm -disable-lsr -Werror=implicit-function-declaration -Xclang -iwithsysroot/include/SDL --sysroot=/home/lb/rnnoise_test/emsdk/upstream/emscripten/cache/sysroot -Xclang -iwithsysroot/include/compat -g3 -O2 -pedantic -Wall -Wextra -Wno-sign-compare -Wno-parentheses -Wno-long-long -Werror conftest.c -c -o /tmp/emscripten_temp_e6y9notm/conftest_0.o' failed (returned 1)
configure:9397: $? = 1
configure: failed program was:
| /* confdefs.h */
| #define PACKAGE_NAME "rnnoise"
| #define PACKAGE_TARNAME "rnnoise"
| #define PACKAGE_VERSION "unknown"
| #define PACKAGE_STRING "rnnoise unknown"
| #define PACKAGE_BUGREPORT "jmvalin@jmvalin.ca"
| #define PACKAGE_URL ""
| #define STDC_HEADERS 1
| #define HAVE_SYS_TYPES_H 1
| #define HAVE_SYS_STAT_H 1
| #define HAVE_STDLIB_H 1
| #define HAVE_STRING_H 1
| #define HAVE_MEMORY_H 1
| #define HAVE_STRINGS_H 1
| #define HAVE_INTTYPES_H 1
| #define HAVE_STDINT_H 1
| #define HAVE_UNISTD_H 1
| #define __EXTENSIONS__ 1
| #define _ALL_SOURCE 1
| #define _GNU_SOURCE 1
| #define _POSIX_PTHREAD_SEMANTICS 1
| #define _TANDEM_SOURCE 1
| #define HAVE_DLFCN_H 1
| #define LT_OBJDIR ".libs/"
| #define RNNOISE_BUILD /**/
| /* end confdefs.h.  */
| int main() { return 0; }
configure:9422: /home/lb/rnnoise_test/emsdk/upstream/emscripten/emcc -o conftest -g -O2 -pedantic -Wall -Wextra -Wno-sign-compare -Wno-parentheses -Wno-long-long -errwarn=%all   conftest.c  >&5
clang-15: warning: -e rrwarn=%all: 'linker' input unused [-Wunused-command-line-argument]
conftest.c:27:9: warning: a function declaration without a prototype is deprecated in all versions of C [-Wstrict-prototypes]
int main() { return 0; }
        ^
         void
1 warning generated.
emcc: warning: running limited binaryen optimizations because DWARF info requested (or indirectly required) [-Wlimited-postlink-optimizations]
configure:9422: $? = 0
configure:9442: result: -errwarn=%all
configure:9448: checking if /home/lb/rnnoise_test/emsdk/upstream/emscripten/emcc supports __attribute__(( visibility("default") ))
configure:9459: /home/lb/rnnoise_test/emsdk/upstream/emscripten/emcc -c -g -O2 -pedantic -Wall -Wextra -Wno-sign-compare -Wno-parentheses -Wno-long-long -errwarn=%all  conftest.c >&5
clang-15: warning: -e rrwarn=%all: 'linker' input unused [-Wunused-command-line-argument]
conftest.c:27:61: warning: a function declaration without a prototype is deprecated in all versions of C [-Wstrict-prototypes]
void __attribute__((visibility("default"))) default_function() { }
                                                            ^
                                                             void
1 warning generated.
configure:9459: $? = 0
configure:9468: result: yes
configure:9478: checking if /home/lb/rnnoise_test/emsdk/upstream/emscripten/emcc supports -fvisibility=hidden
configure:9495: /home/lb/rnnoise_test/emsdk/upstream/emscripten/emcc -o conftest -g -O2 -pedantic -Wall -Wextra -Wno-sign-compare -Wno-parentheses -Wno-long-long -errwarn=%all -fvisibility=hidden   conftest.c  >&5
clang-15: warning: -e rrwarn=%all: 'linker' input unused [-Wunused-command-line-argument]
conftest.c:28:9: warning: a function declaration without a prototype is deprecated in all versions of C [-Wstrict-prototypes]
int main() { return 0; }
        ^
         void
1 warning generated.
emcc: warning: running limited binaryen optimizations because DWARF info requested (or indirectly required) [-Wlimited-postlink-optimizations]
configure:9495: $? = 0
configure:9515: result: yes
configure:9543: checking for doxygen
configure:9571: result: no
configure:9581: checking for dot
configure:9597: found /usr/bin/dot
configure:9609: result: yes
configure:9738: checking that generated files are newer than configure
configure:9744: result: done
configure:9783: creating ./config.status

## ---------------------- ##
## Running config.status. ##
## ---------------------- ##

This file was extended by rnnoise config.status unknown, which was
generated by GNU Autoconf 2.69.  Invocation command line was

  CONFIG_FILES    = 
  CONFIG_HEADERS  = 
  CONFIG_LINKS    = 
  CONFIG_COMMANDS = 
  $ ./config.status 

on lb-Z490-VISION-D

config.status:1105: creating Makefile
config.status:1105: creating rnnoise.pc
config.status:1105: creating rnnoise-uninstalled.pc
config.status:1105: creating doc/Doxyfile
config.status:1105: creating config.h
config.status:1286: config.h is unchanged
config.status:1334: executing depfiles commands
config.status:1411: cd .       && sed -e '/# am--include-marker/d' Makefile         | make -f - am--depfiles
make: Nothing to be done for 'am--depfiles'.
config.status:1416: $? = 0
config.status:1334: executing libtool commands
configure:11941:
------------------------------------------------------------------------
  rnnoise unknown: Automatic configuration OK.

    Assertions ................... no

    Hidden visibility ............ yes

    API code examples ............ yes
    API documentation ............ yes
------------------------------------------------------------------------


## ---------------- ##
## Cache variables. ##
## ---------------- ##

ac_cv_build=x86_64-pc-linux-gnu
ac_cv_c_compiler_gnu=yes
ac_cv_c_inline=inline
ac_cv_env_CC_set=set
ac_cv_env_CC_value=/home/lb/rnnoise_test/emsdk/upstream/emscripten/emcc
ac_cv_env_CFLAGS_set=
ac_cv_env_CFLAGS_value=
ac_cv_env_CPPFLAGS_set=
ac_cv_env_CPPFLAGS_value=
ac_cv_env_CPP_set=
ac_cv_env_CPP_value=
ac_cv_env_LDFLAGS_set=
ac_cv_env_LDFLAGS_value=
ac_cv_env_LIBS_set=
ac_cv_env_LIBS_value=
ac_cv_env_LT_SYS_LIBRARY_PATH_set=
ac_cv_env_LT_SYS_LIBRARY_PATH_value=
ac_cv_env_build_alias_set=
ac_cv_env_build_alias_value=
ac_cv_env_host_alias_set=
ac_cv_env_host_alias_value=
ac_cv_env_target_alias_set=
ac_cv_env_target_alias_value=
ac_cv_header_dlfcn_h=yes
ac_cv_header_inttypes_h=yes
ac_cv_header_memory_h=yes
ac_cv_header_minix_config_h=no
ac_cv_header_stdc=yes
ac_cv_header_stdint_h=yes
ac_cv_header_stdlib_h=yes
ac_cv_header_string_h=yes
ac_cv_header_strings_h=yes
ac_cv_header_sys_stat_h=yes
ac_cv_header_sys_types_h=yes
ac_cv_header_unistd_h=yes
ac_cv_host=x86_64-pc-linux-gnu
ac_cv_lib_m_cos=yes
ac_cv_objext=o
ac_cv_path_EGREP='/usr/bin/grep -E'
ac_cv_path_FGREP='/usr/bin/grep -F'
ac_cv_path_GREP=/usr/bin/grep
ac_cv_path_SED=/usr/bin/sed
ac_cv_path_install='/usr/bin/install -c'
ac_cv_path_lt_DD=/usr/bin/dd
ac_cv_path_mkdir=/usr/bin/mkdir
ac_cv_prog_AWK=mawk
ac_cv_prog_CPP='/home/lb/rnnoise_test/emsdk/upstream/emscripten/emcc -E'
ac_cv_prog_HAVE_DOT=yes
ac_cv_prog_HAVE_DOXYGEN=no
ac_cv_prog_ac_ct_CC=/home/lb/rnnoise_test/emsdk/upstream/emscripten/emcc
ac_cv_prog_ac_ct_MANIFEST_TOOL=mt
ac_cv_prog_ac_ct_OBJDUMP=objdump
ac_cv_prog_ac_ct_RANLIB=/home/lb/rnnoise_test/emsdk/upstream/emscripten/emranlib
ac_cv_prog_ac_ct_STRIP=strip
ac_cv_prog_cc_c89=
ac_cv_prog_cc_g=yes
ac_cv_prog_make_make_set=yes
ac_cv_safe_to_define___extensions__=yes
ac_cv_sys_file_offset_bits=no
ac_cv_sys_largefile_CC=no
am_cv_CC_dependencies_compiler_type=gcc3
am_cv_make_support_nested_variables=yes
am_cv_prog_cc_c_o=yes
cc_cv_attribute_visibility_default=yes
cc_cv_cflags__Wall=yes
cc_cv_cflags__Werror=no
cc_cv_cflags__Wextra=yes
cc_cv_cflags__Wno_long_long=yes
cc_cv_cflags__Wno_parentheses=yes
cc_cv_cflags__Wno_sign_compare=yes
cc_cv_cflags__errwarn__all=yes
cc_cv_cflags__fvisibility_hidden=yes
cc_cv_cflags__pedantic=yes
cc_cv_flag_visibility=yes
cc_cv_werror=-errwarn=%all
lt_cv_ar_at_file=@
lt_cv_archive_cmds_need_lc=yes
lt_cv_deplibs_check_method=pass_all
lt_cv_file_magic_cmd='$MAGIC_CMD'
lt_cv_file_magic_test_file=
lt_cv_ld_reload_flag=-r
lt_cv_nm_interface='BSD nm'
lt_cv_objdir=.libs
lt_cv_path_LD=/home/lb/rnnoise_test/emsdk/upstream/emscripten/emcc
lt_cv_path_NM=/home/lb/rnnoise_test/emsdk/upstream/bin/llvm-nm
lt_cv_path_mainfest_tool=no
lt_cv_prog_compiler_c_o=yes
lt_cv_prog_compiler_pic='-fPIC -DPIC'
lt_cv_prog_compiler_pic_works=yes
lt_cv_prog_compiler_rtti_exceptions=yes
lt_cv_prog_compiler_static_works=yes
lt_cv_prog_gnu_ld=yes
lt_cv_sharedlib_from_linklib_cmd='printf %s\n'
lt_cv_shlibpath_overrides_runpath=no
lt_cv_sys_global_symbol_pipe='sed -n -e '\''s/^.*[	 ]\([ABCDGIRSTW][ABCDGIRSTW]*\)[	 ][	 ]*\([_A-Za-z][_A-Za-z0-9]*\)$/\1 \2 \2/p'\'' | sed '\''/ __gnu_lto/d'\'''
lt_cv_sys_global_symbol_to_c_name_address='sed -n -e '\''s/^: \(.*\) .*$/  {"\1", (void *) 0},/p'\'' -e '\''s/^[ABCDGIRSTW][ABCDGIRSTW]* .* \(.*\)$/  {"\1", (void *) \&\1},/p'\'''
lt_cv_sys_global_symbol_to_c_name_address_lib_prefix='sed -n -e '\''s/^: \(.*\) .*$/  {"\1", (void *) 0},/p'\'' -e '\''s/^[ABCDGIRSTW][ABCDGIRSTW]* .* \(lib.*\)$/  {"\1", (void *) \&\1},/p'\'' -e '\''s/^[ABCDGIRSTW][ABCDGIRSTW]* .* \(.*\)$/  {"lib\1", (void *) \&\1},/p'\'''
lt_cv_sys_global_symbol_to_cdecl='sed -n -e '\''s/^T .* \(.*\)$/extern int \1();/p'\'' -e '\''s/^[ABCDGIRSTW][ABCDGIRSTW]* .* \(.*\)$/extern char \1;/p'\'''
lt_cv_sys_global_symbol_to_import=
lt_cv_sys_max_cmd_len=1572864
lt_cv_to_host_file_cmd=func_convert_file_noop
lt_cv_to_tool_file_cmd=func_convert_file_noop
lt_cv_truncate_bin='/usr/bin/dd bs=4096 count=1'

## ----------------- ##
## Output variables. ##
## ----------------- ##

ACLOCAL='${SHELL} /home/lb/rnnoise_test/rnnoise-wasm/rnnoise/missing aclocal-1.16'
AMDEPBACKSLASH='\'
AMDEP_FALSE='#'
AMDEP_TRUE=''
AMTAR='$${TAR-tar}'
AM_BACKSLASH='\'
AM_DEFAULT_V='$(AM_DEFAULT_VERBOSITY)'
AM_DEFAULT_VERBOSITY='0'
AM_V='$(V)'
AR='/home/lb/rnnoise_test/emsdk/upstream/emscripten/emar'
AUTOCONF='${SHELL} /home/lb/rnnoise_test/rnnoise-wasm/rnnoise/missing autoconf'
AUTOHEADER='${SHELL} /home/lb/rnnoise_test/rnnoise-wasm/rnnoise/missing autoheader'
AUTOMAKE='${SHELL} /home/lb/rnnoise_test/rnnoise-wasm/rnnoise/missing automake-1.16'
AWK='mawk'
CC='/home/lb/rnnoise_test/emsdk/upstream/emscripten/emcc'
CCDEPMODE='depmode=gcc3'
CFLAGS='-g -O2 -pedantic -Wall -Wextra -Wno-sign-compare -Wno-parentheses -Wno-long-long -fvisibility=hidden'
CPP='/home/lb/rnnoise_test/emsdk/upstream/emscripten/emcc -E'
CPPFLAGS=''
CYGPATH_W='echo'
DEFS='-DHAVE_CONFIG_H'
DEPDIR='.deps'
DLLTOOL='false'
DSYMUTIL=''
DUMPBIN=''
ECHO_C=''
ECHO_N='-n'
ECHO_T=''
EGREP='/usr/bin/grep -E'
EXEEXT=''
FGREP='/usr/bin/grep -F'
GREP='/usr/bin/grep'
HAVE_DOT='yes'
HAVE_DOXYGEN='no'
HAVE_DOXYGEN_FALSE=''
HAVE_DOXYGEN_TRUE='#'
INSTALL_DATA='${INSTALL} -m 644'
INSTALL_PROGRAM='${INSTALL}'
INSTALL_SCRIPT='${INSTALL}'
INSTALL_STRIP_PROGRAM='$(install_sh) -c -s'
LD='/home/lb/rnnoise_test/emsdk/upstream/emscripten/emcc'
LDFLAGS=''
LIBM='-lm'
LIBOBJS=''
LIBS=''
LIBTOOL='$(SHELL) $(top_builddir)/libtool'
LIPO=''
LN_S='ln -s'
LTLIBOBJS=''
LT_SYS_LIBRARY_PATH=''
MAINT=''
MAINTAINER_MODE_FALSE='#'
MAINTAINER_MODE_TRUE=''
MAKEINFO='${SHELL} /home/lb/rnnoise_test/rnnoise-wasm/rnnoise/missing makeinfo'
MANIFEST_TOOL=':'
MKDIR_P='/usr/bin/mkdir -p'
NM='/home/lb/rnnoise_test/emsdk/upstream/bin/llvm-nm'
NMEDIT=''
OBJDUMP='objdump'
OBJEXT='o'
OP_ENABLE_EXAMPLES_FALSE='#'
OP_ENABLE_EXAMPLES_TRUE=''
OP_LT_AGE='4'
OP_LT_CURRENT='4'
OP_LT_REVISION='1'
OP_WIN32_FALSE=''
OP_WIN32_TRUE='#'
OTOOL64=''
OTOOL=''
PACKAGE='rnnoise'
PACKAGE_BUGREPORT='jmvalin@jmvalin.ca'
PACKAGE_NAME='rnnoise'
PACKAGE_STRING='rnnoise unknown'
PACKAGE_TARNAME='rnnoise'
PACKAGE_URL=''
PACKAGE_VERSION='unknown'
PATH_SEPARATOR=':'
RANLIB='/home/lb/rnnoise_test/emsdk/upstream/emscripten/emranlib'
SED='/usr/bin/sed'
SET_MAKE=''
SHELL='/bin/bash'
STRIP='strip'
VERSION='unknown'
ac_ct_AR=''
ac_ct_CC='/home/lb/rnnoise_test/emsdk/upstream/emscripten/emcc'
ac_ct_DUMPBIN=''
am__EXEEXT_FALSE=''
am__EXEEXT_TRUE='#'
am__fastdepCC_FALSE='#'
am__fastdepCC_TRUE=''
am__include='include'
am__isrc=''
am__leading_dot='.'
am__nodep='_no'
am__quote=''
am__tar='$${TAR-tar} chof - "$$tardir"'
am__untar='$${TAR-tar} xf -'
bindir='${exec_prefix}/bin'
build='x86_64-pc-linux-gnu'
build_alias=''
build_cpu='x86_64'
build_os='linux-gnu'
build_vendor='pc'
datadir='${datarootdir}'
datarootdir='${prefix}/share'
docdir='${datarootdir}/doc/${PACKAGE_TARNAME}'
dvidir='${docdir}'
exec_prefix='${prefix}'
host='x86_64-pc-linux-gnu'
host_alias=''
host_cpu='x86_64'
host_os='linux-gnu'
host_vendor='pc'
htmldir='${docdir}'
includedir='${prefix}/include'
infodir='${datarootdir}/info'
install_sh='${SHELL} /home/lb/rnnoise_test/rnnoise-wasm/rnnoise/install-sh'
libdir='${exec_prefix}/lib'
libexecdir='${exec_prefix}/libexec'
localedir='${datarootdir}/locale'
localstatedir='${prefix}/var'
lrintf_lib=''
mandir='${datarootdir}/man'
mkdir_p='$(MKDIR_P)'
oldincludedir='/usr/include'
pdfdir='${docdir}'
prefix='/usr/local'
program_transform_name='s,x,x,'
psdir='${docdir}'
runstatedir='${localstatedir}/run'
sbindir='${exec_prefix}/sbin'
sharedstatedir='${prefix}/com'
sysconfdir='${prefix}/etc'
target_alias=''

## ----------- ##
## confdefs.h. ##
## ----------- ##

/* confdefs.h */
#define PACKAGE_NAME "rnnoise"
#define PACKAGE_TARNAME "rnnoise"
#define PACKAGE_VERSION "unknown"
#define PACKAGE_STRING "rnnoise unknown"
#define PACKAGE_BUGREPORT "jmvalin@jmvalin.ca"
#define PACKAGE_URL ""
#define STDC_HEADERS 1
#define HAVE_SYS_TYPES_H 1
#define HAVE_SYS_STAT_H 1
#define HAVE_STDLIB_H 1
#define HAVE_STRING_H 1
#define HAVE_MEMORY_H 1
#define HAVE_STRINGS_H 1
#define HAVE_INTTYPES_H 1
#define HAVE_STDINT_H 1
#define HAVE_UNISTD_H 1
#define __EXTENSIONS__ 1
#define _ALL_SOURCE 1
#define _GNU_SOURCE 1
#define _POSIX_PTHREAD_SEMANTICS 1
#define _TANDEM_SOURCE 1
#define HAVE_DLFCN_H 1
#define LT_OBJDIR ".libs/"
#define RNNOISE_BUILD /**/
#define SUPPORT_ATTRIBUTE_VISIBILITY_DEFAULT 1
#define SUPPORT_FLAG_VISIBILITY 1

configure: exit 0
